Using pre-set license
Built from '2020.2/staging' branch; Version is '2020.2.6f1 (8a2143876886) revision 9052483'; Using compiler version '192528614'; Build Type 'Release'
OS: 'Windows 10 Pro; OS build 19042.804; Version 2009; 64bit' Language: 'ru' Physical Memory: 16318 MB
BatchMode: 1, IsHumanControllingUs: 0, StartBugReporterOnCrash: 0, Is64bit: 1, IsPro: 0

 COMMAND LINE ARGUMENTS:
C:\Program Files\UnityEditors\2020.2.6f1\Editor\Unity.exe
-adb2
-batchMode
-noUpm
-name
AssetImportWorker0
-projectPath
C:/Program Files/UnityProjects/LWKmach3
-logFile
Logs/AssetImportWorker0.log
-srvPort
58493
Successfully changed project path to: C:/Program Files/UnityProjects/LWKmach3
C:/Program Files/UnityProjects/LWKmach3
Using Asset Import Pipeline V2.
Refreshing native plugins compatible for Editor in 90.42 ms, found 1 plugins.
Preloading 0 native plugins for Editor in 0.00 ms.
Initialize engine version: 2020.2.6f1 (8a2143876886)
[Subsystems] Discovering subsystems at path C:/Program Files/UnityEditors/2020.2.6f1/Editor/Data/Resources/UnitySubsystems
[Subsystems] Discovering subsystems at path C:/Program Files/UnityProjects/LWKmach3/Assets
GfxDevice: creating device client; threaded=0
Direct3D:
    Version:  Direct3D 11.0 [level 11.1]
    Renderer: Radeon RX 570 Series (ID=0x67df)
    Vendor:   
    VRAM:     8171 MB
    Driver:   27.20.14501.28009
Initialize mono
Mono path[0] = 'C:/Program Files/UnityEditors/2020.2.6f1/Editor/Data/Managed'
Mono path[1] = 'C:/Program Files/UnityEditors/2020.2.6f1/Editor/Data/MonoBleedingEdge/lib/mono/unityjit'
Mono config path = 'C:/Program Files/UnityEditors/2020.2.6f1/Editor/Data/MonoBleedingEdge/etc'
Using monoOptions --debugger-agent=transport=dt_socket,embedding=1,server=y,suspend=n,address=127.0.0.1:56984
Begin MonoManager ReloadAssembly
Registering precompiled unity dll's ...
Register platform support module: C:/Program Files/UnityEditors/2020.2.6f1/Editor/Data/PlaybackEngines/WindowsStandaloneSupport/UnityEditor.WindowsStandalone.Extensions.dll
Registered in 0.001838 seconds.
Native extension for WindowsStandalone target not found
Refreshing native plugins compatible for Editor in 82.92 ms, found 1 plugins.
Preloading 0 native plugins for Editor in 0.00 ms.
Invoked RoslynAnalysisRunner static constructor.
RoslynAnalysisRunner will not be running.
RoslynAnalysisRunner has terminated.
Mono: successfully reloaded assembly
- Completed reload, in  2.198 seconds
Platform modules already initialized, skipping
Registering precompiled user dll's ...
Registered in 0.007347 seconds.
Begin MonoManager ReloadAssembly
CreateSerializedAsset is not supported while importing out-of-process
UnityEngine.StackTraceUtility:ExtractStackTrace ()
Spine.Unity.Editor.SpinePreferences:GetOrCreateSettings () (at Assets/Spine/Editor/spine-unity/Editor/Windows/SpinePreferences.cs:121)
Spine.Unity.Editor.SpinePreferences:Load () (at Assets/Spine/Editor/spine-unity/Editor/Windows/SpinePreferences.cs:106)
Spine.Unity.Editor.SpineEditorUtilities:Initialize () (at Assets/Spine/Editor/spine-unity/Editor/Utility/SpineEditorUtilities.cs:105)
Spine.Unity.Editor.SpineEditorUtilities:.cctor () (at Assets/Spine/Editor/spine-unity/Editor/Utility/SpineEditorUtilities.cs:96)
System.Reflection.MonoCMethod:InternalInvoke (object,object[])
System.RuntimeType:CreateInstanceMono (bool)
System.RuntimeType:CreateInstanceSlow (bool,bool,bool,System.Threading.StackCrawlMark&)
System.RuntimeType:CreateInstanceDefaultCtor (bool,bool,bool,System.Threading.StackCrawlMark&)
System.Activator:CreateInstance (System.Type,bool)
System.Activator:CreateInstance (System.Type)
UnityEditor.AssetPostprocessingInternal:GetMeshProcessorsHashString ()

[Assets/Spine/Editor/spine-unity/Editor/Windows/SpinePreferences.cs line 121]

UnityException: Creating asset at path Assets/Editor/SpineSettings.asset failed.
  at (wrapper managed-to-native) UnityEditor.AssetDatabase.CreateAsset(UnityEngine.Object,string)
  at Spine.Unity.Editor.SpinePreferences.GetOrCreateSettings () [0x00069] in C:\Program Files\UnityProjects\LWKmach3\Assets\Spine\Editor\spine-unity\Editor\Windows\SpinePreferences.cs:121 
  at Spine.Unity.Editor.SpinePreferences.Load () [0x00001] in C:\Program Files\UnityProjects\LWKmach3\Assets\Spine\Editor\spine-unity\Editor\Windows\SpinePreferences.cs:106 
  at Spine.Unity.Editor.SpineEditorUtilities.Initialize () [0x00001] in C:\Program Files\UnityProjects\LWKmach3\Assets\Spine\Editor\spine-unity\Editor\Utility\SpineEditorUtilities.cs:105 
  at Spine.Unity.Editor.SpineEditorUtilities..cctor () [0x0001f] in C:\Program Files\UnityProjects\LWKmach3\Assets\Spine\Editor\spine-unity\Editor\Utility\SpineEditorUtilities.cs:96 
Rethrow as TypeInitializationException: The type initializer for 'Spine.Unity.Editor.SpineEditorUtilities' threw an exception.
  at (wrapper managed-to-native) System.Reflection.MonoCMethod.InternalInvoke(System.Reflection.MonoCMethod,object,object[],System.Exception&)
  at System.Reflection.MonoCMethod.InternalInvoke (System.Object obj, System.Object[] parameters) [0x00002] in <eae584ce26bc40229c1b1aa476bfa589>:0 
Rethrow as TargetInvocationException: Exception has been thrown by the target of an invocation.
  at System.Reflection.MonoCMethod.InternalInvoke (System.Object obj, System.Object[] parameters) [0x00014] in <eae584ce26bc40229c1b1aa476bfa589>:0 
  at System.RuntimeType.CreateInstanceMono (System.Boolean nonPublic) [0x000a8] in <eae584ce26bc40229c1b1aa476bfa589>:0 
  at System.RuntimeType.CreateInstanceSlow (System.Boolean publicOnly, System.Boolean skipCheckThis, System.Boolean fillCache, System.Threading.StackCrawlMark& stackMark) [0x00009] in <eae584ce26bc40229c1b1aa476bfa589>:0 
  at System.RuntimeType.CreateInstanceDefaultCtor (System.Boolean publicOnly, System.Boolean skipCheckThis, System.Boolean fillCache, System.Threading.StackCrawlMark& stackMark) [0x00027] in <eae584ce26bc40229c1b1aa476bfa589>:0 
  at System.Activator.CreateInstance (System.Type type, System.Boolean nonPublic) [0x0002c] in <eae584ce26bc40229c1b1aa476bfa589>:0 
  at System.Activator.CreateInstance (System.Type type) [0x00000] in <eae584ce26bc40229c1b1aa476bfa589>:0 
  at UnityEditor.AssetPostprocessingInternal.GetMeshProcessorsHashString () [0x00035] in <8c48e4bc2ff34638b69095cbb65e2e27>:0 
UnityEngine.DebugLogHandler:Internal_LogException(Exception, Object)
UnityEngine.DebugLogHandler:LogException(Exception, Object)
UnityEngine.Logger:LogException(Exception, Object)
UnityEngine.Debug:LogException(Exception)
UnityEditor.AssetPostprocessingInternal:GetMeshProcessorsHashString()

(Filename: Assets/Spine/Editor/spine-unity/Editor/Windows/SpinePreferences.cs Line: 121)

UnityException: Creating asset at path Assets/Editor/SpineSettings.asset failed.
  at (wrapper managed-to-native) UnityEditor.AssetDatabase.CreateAsset(UnityEngine.Object,string)
  at Spine.Unity.Editor.SpinePreferences.GetOrCreateSettings () [0x00069] in C:\Program Files\UnityProjects\LWKmach3\Assets\Spine\Editor\spine-unity\Editor\Windows\SpinePreferences.cs:121 
  at Spine.Unity.Editor.SpinePreferences.Load () [0x00001] in C:\Program Files\UnityProjects\LWKmach3\Assets\Spine\Editor\spine-unity\Editor\Windows\SpinePreferences.cs:106 
  at Spine.Unity.Editor.SpineEditorUtilities.Initialize () [0x00001] in C:\Program Files\UnityProjects\LWKmach3\Assets\Spine\Editor\spine-unity\Editor\Utility\SpineEditorUtilities.cs:105 
  at Spine.Unity.Editor.SpineEditorUtilities..cctor () [0x0001f] in C:\Program Files\UnityProjects\LWKmach3\Assets\Spine\Editor\spine-unity\Editor\Utility\SpineEditorUtilities.cs:96 
Rethrow as TypeInitializationException: The type initializer for 'Spine.Unity.Editor.SpineEditorUtilities' threw an exception.
  at (wrapper managed-to-native) System.Reflection.MonoCMethod.InternalInvoke(System.Reflection.MonoCMethod,object,object[],System.Exception&)
  at System.Reflection.MonoCMethod.InternalInvoke (System.Object obj, System.Object[] parameters) [0x00002] in <eae584ce26bc40229c1b1aa476bfa589>:0 
Rethrow as TargetInvocationException: Exception has been thrown by the target of an invocation.
  at System.Reflection.MonoCMethod.InternalInvoke (System.Object obj, System.Object[] parameters) [0x00014] in <eae584ce26bc40229c1b1aa476bfa589>:0 
  at System.RuntimeType.CreateInstanceMono (System.Boolean nonPublic) [0x000a8] in <eae584ce26bc40229c1b1aa476bfa589>:0 
  at System.RuntimeType.CreateInstanceSlow (System.Boolean publicOnly, System.Boolean skipCheckThis, System.Boolean fillCache, System.Threading.StackCrawlMark& stackMark) [0x00009] in <eae584ce26bc40229c1b1aa476bfa589>:0 
  at System.RuntimeType.CreateInstanceDefaultCtor (System.Boolean publicOnly, System.Boolean skipCheckThis, System.Boolean fillCache, System.Threading.StackCrawlMark& stackMark) [0x00027] in <eae584ce26bc40229c1b1aa476bfa589>:0 
  at System.Activator.CreateInstance (System.Type type, System.Boolean nonPublic) [0x0002c] in <eae584ce26bc40229c1b1aa476bfa589>:0 
  at System.Activator.CreateInstance (System.Type type) [0x00000] in <eae584ce26bc40229c1b1aa476bfa589>:0 
  at UnityEditor.AssetPostprocessingInternal.GetTextureProcessorsHashString () [0x00035] in <8c48e4bc2ff34638b69095cbb65e2e27>:0 
UnityEngine.DebugLogHandler:Internal_LogException(Exception, Object)
UnityEngine.DebugLogHandler:LogException(Exception, Object)
UnityEngine.Logger:LogException(Exception, Object)
UnityEngine.Debug:LogException(Exception)
UnityEditor.AssetPostprocessingInternal:GetTextureProcessorsHashString()

(Filename: Assets/Spine/Editor/spine-unity/Editor/Windows/SpinePreferences.cs Line: 121)

UnityException: Creating asset at path Assets/Editor/SpineSettings.asset failed.
  at (wrapper managed-to-native) UnityEditor.AssetDatabase.CreateAsset(UnityEngine.Object,string)
  at Spine.Unity.Editor.SpinePreferences.GetOrCreateSettings () [0x00069] in C:\Program Files\UnityProjects\LWKmach3\Assets\Spine\Editor\spine-unity\Editor\Windows\SpinePreferences.cs:121 
  at Spine.Unity.Editor.SpinePreferences.Load () [0x00001] in C:\Program Files\UnityProjects\LWKmach3\Assets\Spine\Editor\spine-unity\Editor\Windows\SpinePreferences.cs:106 
  at Spine.Unity.Editor.SpineEditorUtilities.Initialize () [0x00001] in C:\Program Files\UnityProjects\LWKmach3\Assets\Spine\Editor\spine-unity\Editor\Utility\SpineEditorUtilities.cs:105 
  at Spine.Unity.Editor.SpineEditorUtilities..cctor () [0x0001f] in C:\Program Files\UnityProjects\LWKmach3\Assets\Spine\Editor\spine-unity\Editor\Utility\SpineEditorUtilities.cs:96 
Rethrow as TypeInitializationException: The type initializer for 'Spine.Unity.Editor.SpineEditorUtilities' threw an exception.
  at (wrapper managed-to-native) System.Reflection.MonoCMethod.InternalInvoke(System.Reflection.MonoCMethod,object,object[],System.Exception&)
  at System.Reflection.MonoCMethod.InternalInvoke (System.Object obj, System.Object[] parameters) [0x00002] in <eae584ce26bc40229c1b1aa476bfa589>:0 
Rethrow as TargetInvocationException: Exception has been thrown by the target of an invocation.
  at System.Reflection.MonoCMethod.InternalInvoke (System.Object obj, System.Object[] parameters) [0x00014] in <eae584ce26bc40229c1b1aa476bfa589>:0 
  at System.RuntimeType.CreateInstanceMono (System.Boolean nonPublic) [0x000a8] in <eae584ce26bc40229c1b1aa476bfa589>:0 
  at System.RuntimeType.CreateInstanceSlow (System.Boolean publicOnly, System.Boolean skipCheckThis, System.Boolean fillCache, System.Threading.StackCrawlMark& stackMark) [0x00009] in <eae584ce26bc40229c1b1aa476bfa589>:0 
  at System.RuntimeType.CreateInstanceDefaultCtor (System.Boolean publicOnly, System.Boolean skipCheckThis, System.Boolean fillCache, System.Threading.StackCrawlMark& stackMark) [0x00027] in <eae584ce26bc40229c1b1aa476bfa589>:0 
  at System.Activator.CreateInstance (System.Type type, System.Boolean nonPublic) [0x0002c] in <eae584ce26bc40229c1b1aa476bfa589>:0 
  at System.Activator.CreateInstance (System.Type type) [0x00000] in <eae584ce26bc40229c1b1aa476bfa589>:0 
  at UnityEditor.AssetPostprocessingInternal.GetAudioProcessorsHashString () [0x00035] in <8c48e4bc2ff34638b69095cbb65e2e27>:0 
UnityEngine.DebugLogHandler:Internal_LogException(Exception, Object)
UnityEngine.DebugLogHandler:LogException(Exception, Object)
UnityEngine.Logger:LogException(Exception, Object)
UnityEngine.Debug:LogException(Exception)
UnityEditor.AssetPostprocessingInternal:GetAudioProcessorsHashString()

(Filename: Assets/Spine/Editor/spine-unity/Editor/Windows/SpinePreferences.cs Line: 121)

UnityException: Creating asset at path Assets/Editor/SpineSettings.asset failed.
  at (wrapper managed-to-native) UnityEditor.AssetDatabase.CreateAsset(UnityEngine.Object,string)
  at Spine.Unity.Editor.SpinePreferences.GetOrCreateSettings () [0x00069] in C:\Program Files\UnityProjects\LWKmach3\Assets\Spine\Editor\spine-unity\Editor\Windows\SpinePreferences.cs:121 
  at Spine.Unity.Editor.SpinePreferences.Load () [0x00001] in C:\Program Files\UnityProjects\LWKmach3\Assets\Spine\Editor\spine-unity\Editor\Windows\SpinePreferences.cs:106 
  at Spine.Unity.Editor.SpineEditorUtilities.Initialize () [0x00001] in C:\Program Files\UnityProjects\LWKmach3\Assets\Spine\Editor\spine-unity\Editor\Utility\SpineEditorUtilities.cs:105 
  at Spine.Unity.Editor.SpineEditorUtilities..cctor () [0x0001f] in C:\Program Files\UnityProjects\LWKmach3\Assets\Spine\Editor\spine-unity\Editor\Utility\SpineEditorUtilities.cs:96 
Rethrow as TypeInitializationException: The type initializer for 'Spine.Unity.Editor.SpineEditorUtilities' threw an exception.
  at (wrapper managed-to-native) System.Reflection.MonoCMethod.InternalInvoke(System.Reflection.MonoCMethod,object,object[],System.Exception&)
  at System.Reflection.MonoCMethod.InternalInvoke (System.Object obj, System.Object[] parameters) [0x00002] in <eae584ce26bc40229c1b1aa476bfa589>:0 
Rethrow as TargetInvocationException: Exception has been thrown by the target of an invocation.
  at System.Reflection.MonoCMethod.InternalInvoke (System.Object obj, System.Object[] parameters) [0x00014] in <eae584ce26bc40229c1b1aa476bfa589>:0 
  at System.RuntimeType.CreateInstanceMono (System.Boolean nonPublic) [0x000a8] in <eae584ce26bc40229c1b1aa476bfa589>:0 
  at System.RuntimeType.CreateInstanceSlow (System.Boolean publicOnly, System.Boolean skipCheckThis, System.Boolean fillCache, System.Threading.StackCrawlMark& stackMark) [0x00009] in <eae584ce26bc40229c1b1aa476bfa589>:0 
  at System.RuntimeType.CreateInstanceDefaultCtor (System.Boolean publicOnly, System.Boolean skipCheckThis, System.Boolean fillCache, System.Threading.StackCrawlMark& stackMark) [0x00027] in <eae584ce26bc40229c1b1aa476bfa589>:0 
  at System.Activator.CreateInstance (System.Type type, System.Boolean nonPublic) [0x0002c] in <eae584ce26bc40229c1b1aa476bfa589>:0 
  at System.Activator.CreateInstance (System.Type type) [0x00000] in <eae584ce26bc40229c1b1aa476bfa589>:0 
  at UnityEditor.AssetPostprocessingInternal.GetSpeedTreeProcessorsHashString () [0x00035] in <8c48e4bc2ff34638b69095cbb65e2e27>:0 
UnityEngine.DebugLogHandler:Internal_LogException(Exception, Object)
UnityEngine.DebugLogHandler:LogException(Exception, Object)
UnityEngine.Logger:LogException(Exception, Object)
UnityEngine.Debug:LogException(Exception)
UnityEditor.AssetPostprocessingInternal:GetSpeedTreeProcessorsHashString()

(Filename: Assets/Spine/Editor/spine-unity/Editor/Windows/SpinePreferences.cs Line: 121)

UnityException: Creating asset at path Assets/Editor/SpineSettings.asset failed.
  at (wrapper managed-to-native) UnityEditor.AssetDatabase.CreateAsset(UnityEngine.Object,string)
  at Spine.Unity.Editor.SpinePreferences.GetOrCreateSettings () [0x00069] in C:\Program Files\UnityProjects\LWKmach3\Assets\Spine\Editor\spine-unity\Editor\Windows\SpinePreferences.cs:121 
  at Spine.Unity.Editor.SpinePreferences.Load () [0x00001] in C:\Program Files\UnityProjects\LWKmach3\Assets\Spine\Editor\spine-unity\Editor\Windows\SpinePreferences.cs:106 
  at Spine.Unity.Editor.SpineEditorUtilities.Initialize () [0x00001] in C:\Program Files\UnityProjects\LWKmach3\Assets\Spine\Editor\spine-unity\Editor\Utility\SpineEditorUtilities.cs:105 
  at Spine.Unity.Editor.SpineEditorUtilities..cctor () [0x0001f] in C:\Program Files\UnityProjects\LWKmach3\Assets\Spine\Editor\spine-unity\Editor\Utility\SpineEditorUtilities.cs:96 
Rethrow as TypeInitializationException: The type initializer for 'Spine.Unity.Editor.SpineEditorUtilities' threw an exception.
  at (wrapper managed-to-native) System.Reflection.MonoCMethod.InternalInvoke(System.Reflection.MonoCMethod,object,object[],System.Exception&)
  at System.Reflection.MonoCMethod.InternalInvoke (System.Object obj, System.Object[] parameters) [0x00002] in <eae584ce26bc40229c1b1aa476bfa589>:0 
Rethrow as TargetInvocationException: Exception has been thrown by the target of an invocation.
  at System.Reflection.MonoCMethod.InternalInvoke (System.Object obj, System.Object[] parameters) [0x00014] in <eae584ce26bc40229c1b1aa476bfa589>:0 
  at System.RuntimeType.CreateInstanceMono (System.Boolean nonPublic) [0x000a8] in <eae584ce26bc40229c1b1aa476bfa589>:0 
  at System.RuntimeType.CreateInstanceSlow (System.Boolean publicOnly, System.Boolean skipCheckThis, System.Boolean fillCache, System.Threading.StackCrawlMark& stackMark) [0x00009] in <eae584ce26bc40229c1b1aa476bfa589>:0 
  at System.RuntimeType.CreateInstanceDefaultCtor (System.Boolean publicOnly, System.Boolean skipCheckThis, System.Boolean fillCache, System.Threading.StackCrawlMark& stackMark) [0x00027] in <eae584ce26bc40229c1b1aa476bfa589>:0 
  at System.Activator.CreateInstance (System.Type type, System.Boolean nonPublic) [0x0002c] in <eae584ce26bc40229c1b1aa476bfa589>:0 
  at System.Activator.CreateInstance (System.Type type) [0x00000] in <eae584ce26bc40229c1b1aa476bfa589>:0 
  at UnityEditor.AssetPostprocessingInternal.GetPrefabProcessorsHashString () [0x00035] in <8c48e4bc2ff34638b69095cbb65e2e27>:0 
UnityEngine.DebugLogHandler:Internal_LogException(Exception, Object)
UnityEngine.DebugLogHandler:LogException(Exception, Object)
UnityEngine.Logger:LogException(Exception, Object)
UnityEngine.Debug:LogException(Exception)
UnityEditor.AssetPostprocessingInternal:GetPrefabProcessorsHashString()

(Filename: Assets/Spine/Editor/spine-unity/Editor/Windows/SpinePreferences.cs Line: 121)

ReleaseAllScriptCaches did not release all script caches!

Remaining caches:
    spine-unity-editor:Spine.Unity.Editor:SpinePreferences
Native extension for WindowsStandalone target not found
Refreshing native plugins compatible for Editor in 82.02 ms, found 1 plugins.
Preloading 0 native plugins for Editor in 0.00 ms.
UnityEngine.UnityException: Creating asset at path Assets/Editor/SpineSettings.asset failed.
  at (wrapper managed-to-native) UnityEditor.AssetDatabase.CreateAsset(UnityEngine.Object,string)
  at Spine.Unity.Editor.SpinePreferences.GetOrCreateSettings () [0x00069] in C:\Program Files\UnityProjects\LWKmach3\Assets\Spine\Editor\spine-unity\Editor\Windows\SpinePreferences.cs:121 
  at Spine.Unity.Editor.SpinePreferences.Load () [0x00001] in C:\Program Files\UnityProjects\LWKmach3\Assets\Spine\Editor\spine-unity\Editor\Windows\SpinePreferences.cs:106 
  at Spine.Unity.Editor.SpineEditorUtilities.Initialize () [0x00001] in C:\Program Files\UnityProjects\LWKmach3\Assets\Spine\Editor\spine-unity\Editor\Utility\SpineEditorUtilities.cs:105 
  at Spine.Unity.Editor.SpineEditorUtilities..cctor () [0x0001f] in C:\Program Files\UnityProjects\LWKmach3\Assets\Spine\Editor\spine-unity\Editor\Utility\SpineEditorUtilities.cs:96 
UnityEngine.StackTraceUtility:ExtractStackTrace ()
UnityEngine.DebugLogHandler:LogFormat (UnityEngine.LogType,UnityEngine.Object,string,object[])
UnityEngine.Logger:Log (UnityEngine.LogType,object)
UnityEngine.Debug:LogError (object)
UnityEditor.EditorAssemblies:ProcessInitializeOnLoadAttributes (System.Type[])

Invoked RoslynAnalysisRunner static constructor.
RoslynAnalysisRunner will not be running.
RoslynAnalysisRunner has terminated.
Mono: successfully reloaded assembly
- Completed reload, in  1.312 seconds
Platform modules already initialized, skipping
========================================================================
Worker process is ready to serve import requests
Launched and connected shader compiler UnityShaderCompiler.exe after 0.04 seconds
Refreshing native plugins compatible for Editor in 0.90 ms, found 1 plugins.
Preloading 0 native plugins for Editor in 0.00 ms.
Unloading 2841 Unused Serialized files (Serialized files now loaded: 0)
System memory in use before: 121.8 MB.
System memory in use after: 117.7 MB.

Unloading 130 unused Assets to reduce memory usage. Loaded Objects now: 3188.
Total: 6.317600 ms (FindLiveObjects: 0.383700 ms CreateObjectMapping: 0.085200 ms MarkObjects: 2.082900 ms  DeleteObjects: 3.764200 ms)

========================================================================
Received Import Request.
  path: Assets/EducationTextGame.asset
  artifactKey: Guid(0c2c296ddedd13a4c94219a5df07da28) Importer(815301076,1909f56bfc062723c751e8b465ee728b)
Start importing Assets/EducationTextGame.asset using Guid(0c2c296ddedd13a4c94219a5df07da28) Importer(815301076,1909f56bfc062723c751e8b465ee728b)  -> (artifact id: 'f269e368906334879ad1467a29b5f94b') in 0.038257 seconds
  Import took 0.042767 seconds .

========================================================================
Received Import Request.
  Time since last request: 27.058997 seconds.
  path: Assets/Data
  artifactKey: Guid(27e77140d6921f64a81ac2f79c1bd964) Importer(815301076,1909f56bfc062723c751e8b465ee728b)
Start importing Assets/Data using Guid(27e77140d6921f64a81ac2f79c1bd964) Importer(815301076,1909f56bfc062723c751e8b465ee728b)  -> (artifact id: '925fd53afc84b8414094578fbc70f0da') in 0.001950 seconds
  Import took 0.007600 seconds .

========================================================================
Received Import Request.
  Time since last request: 0.000238 seconds.
  path: Assets/Data
  artifactKey: Guid(27e77140d6921f64a81ac2f79c1bd964) Importer(815301076,1909f56bfc062723c751e8b465ee728b)
Start importing Assets/Data using Guid(27e77140d6921f64a81ac2f79c1bd964) Importer(815301076,1909f56bfc062723c751e8b465ee728b)  -> (artifact id: '925fd53afc84b8414094578fbc70f0da') in 0.001746 seconds
  Import took 0.005571 seconds .

========================================================================
Received Import Request.
  Time since last request: 1.737891 seconds.
  path: Assets/Sprites
  artifactKey: Guid(3f73b4aefbec0bd47a9fe9e97d125922) Importer(815301076,1909f56bfc062723c751e8b465ee728b)
Start importing Assets/Sprites using Guid(3f73b4aefbec0bd47a9fe9e97d125922) Importer(815301076,1909f56bfc062723c751e8b465ee728b)  -> (artifact id: 'e2832053602fa7ae1f7e532e77f24f22') in 0.002205 seconds
  Import took 0.006871 seconds .

========================================================================
Received Import Request.
  Time since last request: 0.000733 seconds.
  path: Assets/Sprites
  artifactKey: Guid(3f73b4aefbec0bd47a9fe9e97d125922) Importer(815301076,1909f56bfc062723c751e8b465ee728b)
Start importing Assets/Sprites using Guid(3f73b4aefbec0bd47a9fe9e97d125922) Importer(815301076,1909f56bfc062723c751e8b465ee728b)  -> (artifact id: 'e2832053602fa7ae1f7e532e77f24f22') in 0.001745 seconds
  Import took 0.006099 seconds .

========================================================================
Received Import Request.
  Time since last request: 1.666205 seconds.
  path: Assets/Scenes
  artifactKey: Guid(ff12ffc7dd7710f438b2dbf7f4c15e08) Importer(815301076,1909f56bfc062723c751e8b465ee728b)
Start importing Assets/Scenes using Guid(ff12ffc7dd7710f438b2dbf7f4c15e08) Importer(815301076,1909f56bfc062723c751e8b465ee728b)  -> (artifact id: '41e9f3d8596a9ca3f57f9c8db94a107d') in 0.001964 seconds
  Import took 0.006707 seconds .

========================================================================
Received Import Request.
  Time since last request: 0.000683 seconds.
  path: Assets/Scenes
  artifactKey: Guid(ff12ffc7dd7710f438b2dbf7f4c15e08) Importer(815301076,1909f56bfc062723c751e8b465ee728b)
Start importing Assets/Scenes using Guid(ff12ffc7dd7710f438b2dbf7f4c15e08) Importer(815301076,1909f56bfc062723c751e8b465ee728b)  -> (artifact id: '41e9f3d8596a9ca3f57f9c8db94a107d') in 0.001751 seconds
  Import took 0.006098 seconds .

========================================================================
Received Import Request.
  Time since last request: 0.790396 seconds.
  path: Assets/Scenes/Game.unity
  artifactKey: Guid(9fc0d4010bbf28b4594072e72b8655ab) Importer(815301076,1909f56bfc062723c751e8b465ee728b)
Start importing Assets/Scenes/Game.unity using Guid(9fc0d4010bbf28b4594072e72b8655ab) Importer(815301076,1909f56bfc062723c751e8b465ee728b)  -> (artifact id: 'b666512a3d8cb8b5371523616ebd484a') in 0.002559 seconds
  Import took 0.007316 seconds .

========================================================================
Received Import Request.
  Time since last request: 0.000570 seconds.
  path: Assets/Scenes/Game.unity
  artifactKey: Guid(9fc0d4010bbf28b4594072e72b8655ab) Importer(815301076,1909f56bfc062723c751e8b465ee728b)
Start importing Assets/Scenes/Game.unity using Guid(9fc0d4010bbf28b4594072e72b8655ab) Importer(815301076,1909f56bfc062723c751e8b465ee728b)  -> (artifact id: 'b666512a3d8cb8b5371523616ebd484a') in 0.002036 seconds
  Import took 0.006131 seconds .

========================================================================
Received Import Request.
  Time since last request: 12.691423 seconds.
  path: Assets/Prefabs/Tiles/bgbright.prefab
  artifactKey: Guid(2f3f4c674f2be3e43af2d00aba4cdec5) Importer(815301076,1909f56bfc062723c751e8b465ee728b)
Start importing Assets/Prefabs/Tiles/bgbright.prefab using Guid(2f3f4c674f2be3e43af2d00aba4cdec5) Importer(815301076,1909f56bfc062723c751e8b465ee728b)  -> (artifact id: '345c6646e3f197d39208ce9590b7c7bc') in 0.126527 seconds
  Import took 0.132681 seconds .

========================================================================
Received Import Request.
  Time since last request: 0.000274 seconds.
  path: Assets/Prefabs/Tiles/Horizon.prefab
  artifactKey: Guid(c9876f5d3c68a9c4ea7eb446f7a77892) Importer(815301076,1909f56bfc062723c751e8b465ee728b)
Start importing Assets/Prefabs/Tiles/Horizon.prefab using Guid(c9876f5d3c68a9c4ea7eb446f7a77892) Importer(815301076,1909f56bfc062723c751e8b465ee728b)  -> (artifact id: '22eee7a042fb7eaae762347325bb8566') in 0.013443 seconds
  Import took 0.019088 seconds .

========================================================================
Received Import Request.
  Time since last request: 0.000225 seconds.
  path: Assets/Prefabs/Tiles/mask.prefab
  artifactKey: Guid(83dddd36481357c42929d5cf8444c807) Importer(815301076,1909f56bfc062723c751e8b465ee728b)
Start importing Assets/Prefabs/Tiles/mask.prefab using Guid(83dddd36481357c42929d5cf8444c807) Importer(815301076,1909f56bfc062723c751e8b465ee728b)  -> (artifact id: '96033efa91a267110510eaf5dbab6889') in 0.017542 seconds
  Import took 0.022993 seconds .

========================================================================
Received Import Request.
  Time since last request: 0.000258 seconds.
  path: Assets/Prefabs/Tiles/obstacle 4.prefab
  artifactKey: Guid(fe777295cfbcce24d9157f5c01b65491) Importer(815301076,1909f56bfc062723c751e8b465ee728b)
Start importing Assets/Prefabs/Tiles/obstacle 4.prefab using Guid(fe777295cfbcce24d9157f5c01b65491) Importer(815301076,1909f56bfc062723c751e8b465ee728b)  -> (artifact id: 'db0461a0d5a88308495c86dce6ed8cfa') in 0.015761 seconds
  Import took 0.021845 seconds .

========================================================================
Received Prepare
Registering precompiled user dll's ...
Registered in 0.007118 seconds.
Begin MonoManager ReloadAssembly
Native extension for WindowsStandalone target not found
Refreshing native plugins compatible for Editor in 0.97 ms, found 1 plugins.
Preloading 0 native plugins for Editor in 0.00 ms.
`Assets/Animations/Spine/Gameplay_Lian_1/Gameplay_Lian_1.png` : Problematic Texture Settings found: When enabling `Generate Mip Maps` in Gamma color space, it is recommended to disable `sRGB (Color Texture)` on `Premultiply alpha` textures. Otherwise you will receive white border artifacts on an atlas exported with default `Premultiply alpha` settings.
(You can disable this warning in `Edit - Preferences - Spine`)
UnityEngine.StackTraceUtility:ExtractStackTrace ()
UnityEngine.DebugLogHandler:LogFormat (UnityEngine.LogType,UnityEngine.Object,string,object[])
UnityEngine.Logger:Log (UnityEngine.LogType,object,UnityEngine.Object)
UnityEngine.Debug:LogWarning (object,UnityEngine.Object)
Spine.Unity.Editor.SpineEditorUtilities:IssueWarningsForUnrecommendedTextureSettings (string) (at Assets/Spine/Editor/spine-unity/Editor/Utility/SpineEditorUtilities.cs:210)
Spine.Unity.Editor.SpineEditorUtilities:IssueWarningsForUnrecommendedTextureSettings () (at Assets/Spine/Editor/spine-unity/Editor/Utility/SpineEditorUtilities.cs:181)
Spine.Unity.Editor.SpineEditorUtilities:Initialize () (at Assets/Spine/Editor/spine-unity/Editor/Utility/SpineEditorUtilities.cs:160)
Spine.Unity.Editor.SpineEditorUtilities:.cctor () (at Assets/Spine/Editor/spine-unity/Editor/Utility/SpineEditorUtilities.cs:96)
System.Runtime.CompilerServices.RuntimeHelpers:RunClassConstructor (System.RuntimeTypeHandle)
UnityEditor.EditorAssemblies:ProcessInitializeOnLoadAttributes (System.Type[])

(Filename: Assets/Spine/Editor/spine-unity/Editor/Utility/SpineEditorUtilities.cs Line: 210)

`Assets/Animations/Spine/OpenChest/Chest.png` : Problematic Texture Settings found: When enabling `Generate Mip Maps` in Gamma color space, it is recommended to disable `sRGB (Color Texture)` on `Premultiply alpha` textures. Otherwise you will receive white border artifacts on an atlas exported with default `Premultiply alpha` settings.
(You can disable this warning in `Edit - Preferences - Spine`)
UnityEngine.StackTraceUtility:ExtractStackTrace ()
UnityEngine.DebugLogHandler:LogFormat (UnityEngine.LogType,UnityEngine.Object,string,object[])
UnityEngine.Logger:Log (UnityEngine.LogType,object,UnityEngine.Object)
UnityEngine.Debug:LogWarning (object,UnityEngine.Object)
Spine.Unity.Editor.SpineEditorUtilities:IssueWarningsForUnrecommendedTextureSettings (string) (at Assets/Spine/Editor/spine-unity/Editor/Utility/SpineEditorUtilities.cs:210)
Spine.Unity.Editor.SpineEditorUtilities:IssueWarningsForUnrecommendedTextureSettings () (at Assets/Spine/Editor/spine-unity/Editor/Utility/SpineEditorUtilities.cs:181)
Spine.Unity.Editor.SpineEditorUtilities:Initialize () (at Assets/Spine/Editor/spine-unity/Editor/Utility/SpineEditorUtilities.cs:160)
Spine.Unity.Editor.SpineEditorUtilities:.cctor () (at Assets/Spine/Editor/spine-unity/Editor/Utility/SpineEditorUtilities.cs:96)
System.Runtime.CompilerServices.RuntimeHelpers:RunClassConstructor (System.RuntimeTypeHandle)
UnityEditor.EditorAssemblies:ProcessInitializeOnLoadAttributes (System.Type[])

(Filename: Assets/Spine/Editor/spine-unity/Editor/Utility/SpineEditorUtilities.cs Line: 210)

Invoked RoslynAnalysisRunner static constructor.
RoslynAnalysisRunner will not be running.
RoslynAnalysisRunner has terminated.
Mono: successfully reloaded assembly
- Completed reload, in  1.325 seconds
Platform modules already initialized, skipping
Switching build target platform(5) subTarget(0) extendedPlatform(0) -> platform(13) subTarget(589824) extendedPlatform(0)
Refreshing native plugins compatible for Editor in 1.13 ms, found 1 plugins.
Preloading 0 native plugins for Editor in 0.00 ms.
Unloading 2914 Unused Serialized files (Serialized files now loaded: 0)
System memory in use before: 166.6 MB.
System memory in use after: 162.2 MB.

Unloading 184 unused Assets to reduce memory usage. Loaded Objects now: 3232.
Total: 5.901400 ms (FindLiveObjects: 0.349500 ms CreateObjectMapping: 0.082100 ms MarkObjects: 1.931800 ms  DeleteObjects: 3.535400 ms)

AssetImportParameters requested are different than current active one (requested -> active):
  custom:graphics/normal-map-encoding: 01000000000000000000000000000000 -> 02000000000000000000000000000000
AssetImportWorkerClient::OnTransportError - code=2 error=End of file
