<<<<<<< HEAD


=== Wed Aug  7 19:27:53 2019

Packages were changed.
Update Mode: mergeDefaultDependencies

The following packages were updated:
  com.unity.analytics from version 3.2.2 to 3.3.2
  com.unity.collab-proxy from version 1.2.9 to 1.2.16
  com.unity.package-manager-ui from version 2.1.1 to 2.1.2
  com.unity.purchasing from version 2.0.1 to 2.0.6
  com.unity.textmeshpro from version 1.3.0 to 2.0.0
  com.unity.timeline from version 0.0.0-builtin to 1.0.0

=== Thu Aug  8 18:05:30 2019

Packages were changed.
Update Mode: updateDependencies

The following packages were added:
  com.unity.2d.tilemap@1.0.0
  com.unity.ext.nunit@1.0.0
  com.unity.test-framework@1.0.13
  com.unity.2d.sprite@1.0.0
  com.unity.ide.vscode@1.0.7
  com.unity.ide.rider@1.0.8
  com.unity.ugui@1.0.0
  com.unity.modules.androidjni@1.0.0
The following packages were updated:
  com.unity.package-manager-ui from version 2.1.2 to 2.2.0
  com.unity.textmeshpro from version 2.0.0 to 2.0.1
  com.unity.timeline from version 1.0.0 to 1.1.0

=== Wed Jan 29 19:36:30 2020

Packages were changed.
Update Mode: updateDependencies

The following packages were updated:
  com.unity.2d.animation from version 2.2.1-preview.2 to 3.1.0
  com.unity.2d.psdimporter from version 1.2.0-preview.4 to 2.1.0
  com.unity.analytics from version 3.3.2 to 3.3.5
  com.unity.ide.rider from version 1.0.8 to 1.1.4
  com.unity.ide.vscode from version 1.0.7 to 1.1.4
  com.unity.test-framework from version 1.0.18 to 1.1.9
  com.unity.timeline from version 1.1.0 to 1.2.10
The following packages were removed:
  com.unity.package-manager-ui@2.2.0

=== Wed Mar 11 22:21:35 2020

Packages were changed.
Update Mode: updateDependencies

The following packages were updated:
  com.unity.test-framework from version 1.1.9 to 1.1.11


=== Sat May  9 14:32:53 2020


Packages were changed.
Update Mode: updateDependencies

The following packages were updated:
  com.unity.2d.animation from version 3.1.0 to 3.2.1
  com.unity.2d.psdimporter from version 2.1.0 to 2.1.3
  com.unity.ads from version 2.0.8 to 3.4.4
  com.unity.test-framework from version 1.1.11 to 1.1.13

=== Sun May 17 12:00:15 2020

Packages were changed.
Update Mode: updateDependencies

The following packages were added:
  com.unity.multiplayer-hlapi@1.0.4
  com.unity.xr.legacyinputhelpers@1.3.11
=======

=== Wed Aug  7 19:27:53 2019

Packages were changed.
Update Mode: mergeDefaultDependencies

The following packages were updated:
  com.unity.analytics from version 3.2.2 to 3.3.2
  com.unity.collab-proxy from version 1.2.9 to 1.2.16
  com.unity.package-manager-ui from version 2.1.1 to 2.1.2
  com.unity.purchasing from version 2.0.1 to 2.0.6
  com.unity.textmeshpro from version 1.3.0 to 2.0.0
  com.unity.timeline from version 0.0.0-builtin to 1.0.0

=== Thu Aug  8 18:05:30 2019

Packages were changed.
Update Mode: updateDependencies

The following packages were added:
  com.unity.2d.tilemap@1.0.0
  com.unity.ext.nunit@1.0.0
  com.unity.test-framework@1.0.13
  com.unity.2d.sprite@1.0.0
  com.unity.ide.vscode@1.0.7
  com.unity.ide.rider@1.0.8
  com.unity.ugui@1.0.0
  com.unity.modules.androidjni@1.0.0
The following packages were updated:
  com.unity.package-manager-ui from version 2.1.2 to 2.2.0
  com.unity.textmeshpro from version 2.0.0 to 2.0.1
  com.unity.timeline from version 1.0.0 to 1.1.0

=== Wed Jan 29 19:36:30 2020

Packages were changed.
Update Mode: updateDependencies

The following packages were updated:
  com.unity.2d.animation from version 2.2.1-preview.2 to 3.1.0
  com.unity.2d.psdimporter from version 1.2.0-preview.4 to 2.1.0
  com.unity.analytics from version 3.3.2 to 3.3.5
  com.unity.ide.rider from version 1.0.8 to 1.1.4
  com.unity.ide.vscode from version 1.0.7 to 1.1.4
  com.unity.test-framework from version 1.0.18 to 1.1.9
  com.unity.timeline from version 1.1.0 to 1.2.10
The following packages were removed:
  com.unity.package-manager-ui@2.2.0

=== Wed Mar 11 22:21:35 2020

Packages were changed.
Update Mode: updateDependencies

The following packages were updated:
  com.unity.test-framework from version 1.1.9 to 1.1.11


=== Wed Apr 22 19:39:21 2020


Packages were changed.
Update Mode: updateDependencies

The following packages were updated:
  com.unity.2d.animation from version 3.1.0 to 3.2.1
  com.unity.2d.psdimporter from version 2.1.0 to 2.1.3
  com.unity.ads from version 2.0.8 to 3.4.4
  com.unity.test-framework from version 1.1.11 to 1.1.13

=======

=== Wed Aug  7 19:27:53 2019

Packages were changed.
Update Mode: mergeDefaultDependencies

The following packages were updated:
  com.unity.analytics from version 3.2.2 to 3.3.2
  com.unity.collab-proxy from version 1.2.9 to 1.2.16
  com.unity.package-manager-ui from version 2.1.1 to 2.1.2
  com.unity.purchasing from version 2.0.1 to 2.0.6
  com.unity.textmeshpro from version 1.3.0 to 2.0.0
  com.unity.timeline from version 0.0.0-builtin to 1.0.0

=== Thu Aug  8 18:05:30 2019

Packages were changed.
Update Mode: updateDependencies

The following packages were added:
  com.unity.2d.tilemap@1.0.0
  com.unity.ext.nunit@1.0.0
  com.unity.test-framework@1.0.13
  com.unity.2d.sprite@1.0.0
  com.unity.ide.vscode@1.0.7
  com.unity.ide.rider@1.0.8
  com.unity.ugui@1.0.0
  com.unity.modules.androidjni@1.0.0
The following packages were updated:
  com.unity.package-manager-ui from version 2.1.2 to 2.2.0
  com.unity.textmeshpro from version 2.0.0 to 2.0.1
  com.unity.timeline from version 1.0.0 to 1.1.0

=== Wed Jan 29 19:36:30 2020

Packages were changed.
Update Mode: updateDependencies

The following packages were updated:
  com.unity.2d.animation from version 2.2.1-preview.2 to 3.1.0
  com.unity.2d.psdimporter from version 1.2.0-preview.4 to 2.1.0
  com.unity.analytics from version 3.3.2 to 3.3.5
  com.unity.ide.rider from version 1.0.8 to 1.1.4
  com.unity.ide.vscode from version 1.0.7 to 1.1.4
  com.unity.test-framework from version 1.0.18 to 1.1.9
  com.unity.timeline from version 1.1.0 to 1.2.10
The following packages were removed:
  com.unity.package-manager-ui@2.2.0

=== Wed Mar 11 22:21:35 2020

Packages were changed.
Update Mode: updateDependencies

The following packages were updated:
  com.unity.test-framework from version 1.1.9 to 1.1.11

<<<<<<< HEAD
=== Sat May  9 14:32:53 2020
=======
=== Wed Apr 22 19:39:21 2020
>>>>>>> origin/feature/Spine_Animation

Packages were changed.
Update Mode: updateDependencies

The following packages were updated:
  com.unity.2d.animation from version 3.1.0 to 3.2.1
  com.unity.2d.psdimporter from version 2.1.0 to 2.1.3
  com.unity.ads from version 2.0.8 to 3.4.4
  com.unity.test-framework from version 1.1.11 to 1.1.13

=== Sat May 16 17:28:19 2020

Packages were changed.
Update Mode: updateDependencies

The following packages were added:
  com.unity.multiplayer-hlapi@1.0.4
  com.unity.xr.legacyinputhelpers@1.3.11
>>>>>>> feature/Spine_Animation

=== Fri Feb 26 16:27:07 2021

Packages were changed.
Update Mode: updateDependencies

The following packages were added:
  com.unity.ide.visualstudio@2.0.5
The following packages were updated:
  com.unity.2d.animation from version 3.2.1 to 5.0.4
  com.unity.2d.psdimporter from version 2.1.3 to 4.0.2
  com.unity.ads from version 3.4.4 to 3.6.1
  com.unity.analytics from version 3.3.5 to 3.5.3
  com.unity.collab-proxy from version 1.2.16 to 1.3.9
  com.unity.ext.nunit from version 1.0.0 to 1.0.6
  com.unity.ide.rider from version 1.1.4 to 2.0.7
  com.unity.ide.vscode from version 1.1.4 to 1.2.3
  com.unity.mobile.notifications from version 1.0.4-preview.3 to 1.3.2
  com.unity.purchasing from version 2.0.6 to 2.2.2
  com.unity.test-framework from version 1.1.13 to 1.1.22
  com.unity.textmeshpro from version 2.0.1 to 3.0.1
  com.unity.timeline from version 1.2.10 to 1.4.6
  com.unity.xr.legacyinputhelpers from version 1.3.11 to 2.1.7
The following packages were removed:
  com.unity.2d.ik@2.0.0-preview.1

=== Wed Jan 26 16:45:05 2022

Packages were changed.
Update Mode: updateDependencies

The following packages were updated:
  com.unity.2d.animation from version 5.0.4 to 5.0.9
  com.unity.2d.psdimporter from version 4.0.2 to 4.1.2
  com.unity.ads from version 3.6.1 to 3.7.5
  com.unity.analytics from version 3.5.3 to 3.6.12
  com.unity.collab-proxy from version 1.3.9 to 1.15.4
  com.unity.ide.visualstudio from version 2.0.7 to 2.0.12
  com.unity.ide.vscode from version 1.2.3 to 1.2.4
  com.unity.mobile.notifications from version 1.3.2 to 1.4.2
  com.unity.purchasing from version 2.2.2 to 4.0.3
  com.unity.test-framework from version 1.1.22 to 1.1.29
  com.unity.textmeshpro from version 3.0.4 to 3.0.6
  com.unity.timeline from version 1.4.6 to 1.4.8
  com.unity.xr.legacyinputhelpers from version 2.1.7 to 2.1.8
